#
# There is insufficient memory for the Java Runtime Environment to continue.
# Native memory allocation (mmap) failed to map 170917888 bytes for committing reserved memory.
# Possible reasons:
#   The system is out of physical RAM or swap space
#   The process is running with CompressedOops enabled, and the Java Heap may be blocking the growth of the native heap
# Possible solutions:
#   Reduce memory load on the system
#   Increase physical memory or swap space
#   Check if swap backing store is full
#   Decrease Java heap size (-Xmx/-Xms)
#   Decrease number of Java threads
#   Decrease Java thread stack sizes (-Xss)
#   Set larger code cache with -XX:ReservedCodeCacheSize=
#   JVM is running with Unscaled Compressed Oops mode in which the Java heap is
#     placed in the first 4GB address space. The Java Heap base address is the
#     maximum limit for the native heap growth. Please use -XX:HeapBaseMinAddress
#     to set the Java Heap base and to place the Java Heap above 4GB virtual address.
# This output file may be truncated or incomplete.
#
#  Out of Memory Error (os_linux.cpp:2749), pid=16648, tid=0x00007fc787afa700
#
# JRE version: Java(TM) SE Runtime Environment (8.0_201-b09) (build 1.8.0_201-b09)
# Java VM: Java HotSpot(TM) 64-Bit Server VM (25.201-b09 mixed mode linux-amd64 compressed oops)
# Failed to write core dump. Core dumps have been disabled. To enable core dumping, try "ulimit -c unlimited" before starting Java again
#

---------------  T H R E A D  ---------------

Current thread (0x00007fc7a407e000):  VMThread [stack: 0x00007fc7879fb000,0x00007fc787afb000] [id=16661]

Stack: [0x00007fc7879fb000,0x00007fc787afb000],  sp=0x00007fc787af93c0,  free space=1016k
Native frames: (J=compiled Java code, j=interpreted, Vv=VM code, C=native code)
V  [libjvm.so+0xad3525]  VMError::report_and_die()+0x2e5
V  [libjvm.so+0x4e0457]  report_vm_out_of_memory(char const*, int, unsigned long, VMErrorType, char const*)+0x67
V  [libjvm.so+0x9102f0]  os::pd_commit_memory(char*, unsigned long, unsigned long, bool)+0x100
V  [libjvm.so+0x90791f]  os::commit_memory(char*, unsigned long, unsigned long, bool)+0x1f
V  [libjvm.so+0x98c806]  PSVirtualSpace::expand_by(unsigned long)+0x56
V  [libjvm.so+0x98da98]  PSYoungGen::resize(unsigned long, unsigned long)+0xd8
V  [libjvm.so+0x98a236]  PSScavenge::invoke_no_policy()+0x1376
V  [libjvm.so+0x982c59]  PSParallelCompact::invoke(bool)+0x49
V  [libjvm.so+0x45cb73]  CollectedHeap::collect_as_vm_thread(GCCause::Cause)+0x153
V  [libjvm.so+0xad45b1]  VM_CollectForMetadataAllocation::doit()+0x161
V  [libjvm.so+0xada296]  VM_Operation::evaluate()+0x46
V  [libjvm.so+0xad85cd]  VMThread::evaluate_operation(VM_Operation*) [clone .constprop.44]+0xcd
V  [libjvm.so+0xad8bb3]  VMThread::loop()+0x3a3
V  [libjvm.so+0xad8f88]  VMThread::run()+0x78
V  [libjvm.so+0x90d922]  java_start(Thread*)+0x102

VM_Operation (0x00007fc7ac6e1d20): CollectForMetadataAllocation, mode: safepoint, requested by thread 0x00007fc7a4010000


---------------  P R O C E S S  ---------------

Java Threads: ( => current thread )
  0x00007fc7a53fd800 JavaThread "elasticsearch[_client_][generic][T#3]" daemon [_thread_blocked, id=16687, stack(0x00007fc754bfb000,0x00007fc754cfc000)]
  0x00007fc7a53fb000 JavaThread "elasticsearch[_client_][generic][T#2]" daemon [_thread_blocked, id=16686, stack(0x00007fc754cfc000,0x00007fc754dfd000)]
  0x00007fc7a53f9000 JavaThread "elasticsearch[_client_][transport_client_boss][T#8]" daemon [_thread_blocked, id=16685, stack(0x00007fc754dfd000,0x00007fc754efe000)]
  0x00007fc7a53f7800 JavaThread "elasticsearch[_client_][transport_client_boss][T#7]" daemon [_thread_blocked, id=16684, stack(0x00007fc754efe000,0x00007fc754fff000)]
  0x00007fc7a53f6000 JavaThread "elasticsearch[_client_][transport_client_boss][T#6]" daemon [_thread_blocked, id=16683, stack(0x00007fc784098000,0x00007fc784199000)]
  0x00007fc7a53f4000 JavaThread "elasticsearch[_client_][transport_client_boss][T#5]" daemon [_thread_blocked, id=16682, stack(0x00007fc784199000,0x00007fc78429a000)]
  0x00007fc7a53f2800 JavaThread "elasticsearch[_client_][transport_client_boss][T#4]" daemon [_thread_blocked, id=16681, stack(0x00007fc78429a000,0x00007fc78439b000)]
  0x00007fc7a53f0800 JavaThread "elasticsearch[_client_][transport_client_boss][T#3]" daemon [_thread_blocked, id=16680, stack(0x00007fc78439b000,0x00007fc78449c000)]
  0x00007fc7a53ef800 JavaThread "elasticsearch[_client_][transport_client_boss][T#2]" daemon [_thread_blocked, id=16679, stack(0x00007fc78449c000,0x00007fc78459d000)]
  0x00007fc7a53e6000 JavaThread "elasticsearch[_client_][generic][T#1]" daemon [_thread_blocked, id=16678, stack(0x00007fc78459d000,0x00007fc78469e000)]
  0x00007fc74c039000 JavaThread "threadDeathWatcher-2-1" daemon [_thread_blocked, id=16677, stack(0x00007fc78469e000,0x00007fc78479f000)]
  0x00007fc7a53d5000 JavaThread "elasticsearch[_client_][transport_client_boss][T#1]" daemon [_thread_blocked, id=16676, stack(0x00007fc78499f000,0x00007fc784aa0000)]
  0x00007fc7a5257800 JavaThread "elasticsearch[_client_][scheduler][T#1]" daemon [_thread_blocked, id=16675, stack(0x00007fc784ca0000,0x00007fc784da1000)]
  0x00007fc7a4997000 JavaThread "elasticsearch[_client_][[timer]]" daemon [_thread_blocked, id=16674, stack(0x00007fc7857a8000,0x00007fc7858a9000)]
  0x00007fc7a40d8000 JavaThread "Service Thread" daemon [_thread_blocked, id=16669, stack(0x00007fc786924000,0x00007fc786a25000)]
  0x00007fc7a40c4800 JavaThread "C1 CompilerThread2" daemon [_thread_blocked, id=16668, stack(0x00007fc786a26000,0x00007fc786b26000)]
  0x00007fc7a40c3000 JavaThread "C2 CompilerThread1" daemon [_thread_blocked, id=16667, stack(0x00007fc786b27000,0x00007fc786c27000)]
  0x00007fc7a40c0000 JavaThread "C2 CompilerThread0" daemon [_thread_blocked, id=16666, stack(0x00007fc786c28000,0x00007fc786d28000)]
  0x00007fc7a40be800 JavaThread "Signal Dispatcher" daemon [_thread_blocked, id=16665, stack(0x00007fc786d28000,0x00007fc786e29000)]
  0x00007fc7a408a000 JavaThread "Finalizer" daemon [_thread_blocked, id=16663, stack(0x00007fc7877f8000,0x00007fc7878f9000)]
  0x00007fc7a4087800 JavaThread "Reference Handler" daemon [_thread_blocked, id=16662, stack(0x00007fc7878f9000,0x00007fc7879fa000)]
  0x00007fc7a4010000 JavaThread "main" [_thread_blocked, id=16654, stack(0x00007fc7ac5e6000,0x00007fc7ac6e6000)]

Other Threads:
=>0x00007fc7a407e000 VMThread [stack: 0x00007fc7879fb000,0x00007fc787afb000] [id=16661]
  0x00007fc7a40da800 WatcherThread [stack: 0x00007fc786824000,0x00007fc786924000] [id=16670]

VM state:at safepoint (normal execution)

VM Mutex/Monitor currently owned by a thread:  ([mutex/lock_event])
[0x00007fc7a400c510] Threads_lock - owner thread: 0x00007fc7a407e000
[0x00007fc7a400ca10] Heap_lock - owner thread: 0x00007fc7a4010000

heap address: 0x0000000085200000, size: 1966 MB, Compressed Oops mode: 32-bit
Narrow klass base: 0x0000000000000000, Narrow klass shift: 3
Compressed class space size: 1073741824 Address: 0x0000000100000000

Heap:
 PSYoungGen      total 128512K, used 5091K [0x00000000d7100000, 0x00000000df700000, 0x0000000100000000)
  eden space 123392K, 0% used [0x00000000d7100000,0x00000000d7100000,0x00000000de980000)
  from space 5120K, 99% used [0x00000000ded00000,0x00000000df1f8e78,0x00000000df200000)
  to   space 5120K, 0% used [0x00000000df200000,0x00000000df200000,0x00000000df700000)
 ParOldGen       total 49152K, used 48696K [0x0000000085200000, 0x0000000088200000, 0x00000000d7100000)
  object space 49152K, 99% used [0x0000000085200000,0x000000008818e090,0x0000000088200000)
 Metaspace       used 34239K, capacity 35354K, committed 35416K, reserved 1079296K
  class space    used 4438K, capacity 4850K, committed 4864K, reserved 1048576K

Card table byte_map: [0x00007fc7a8eeb000,0x00007fc7a92c3000] byte_map_base: 0x00007fc7a8ac2000

Marking Bits: (ParMarkBitMap*) 0x00007fc7aba90d80
 Begin Bits: [0x00007fc78c290000, 0x00007fc78e148000)
 End Bits:   [0x00007fc78e148000, 0x00007fc790000000)

Polling page: 0x00007fc7ac700000

CodeCache: size=245760Kb used=6805Kb max_used=6805Kb free=238954Kb
 bounds [0x00007fc795000000, 0x00007fc7956b0000, 0x00007fc7a4000000]
 total_blobs=2500 nmethods=1965 adapters=448
 compilation: enabled

Compilation events (10 events):
Event: 20,073 Thread 0x00007fc7a40c4800 1973       1       io.netty.channel.socket.nio.NioSocketChannel::config (5 bytes)
Event: 20,073 Thread 0x00007fc7a40c4800 nmethod 1973 0x00007fc7956a3ed0 code [0x00007fc7956a4020, 0x00007fc7956a4130]
Event: 20,086 Thread 0x00007fc7a40c4800 1974       3       io.netty.buffer.PooledByteBuf::idx (7 bytes)
Event: 20,086 Thread 0x00007fc7a40c4800 nmethod 1974 0x00007fc7956a3b90 code [0x00007fc7956a3ce0, 0x00007fc7956a3e30]
Event: 20,086 Thread 0x00007fc7a40c4800 1975       3       io.netty.buffer.UnpooledDuplicatedByteBuf::unwrap (5 bytes)
Event: 20,086 Thread 0x00007fc7a40c4800 nmethod 1975 0x00007fc7956a3690 code [0x00007fc7956a3800, 0x00007fc7956a3ad0]
Event: 20,086 Thread 0x00007fc7a40c4800 1976       3       io.netty.buffer.AbstractByteBuf::checkReadableBytes0 (66 bytes)
Event: 20,088 Thread 0x00007fc7a40c4800 nmethod 1976 0x00007fc7956a5d10 code [0x00007fc7956a6040, 0x00007fc7956a7af8]
Event: 20,321 Thread 0x00007fc7a40c4800 1977       3       java.net.URLClassLoader$1::run (5 bytes)
Event: 20,321 Thread 0x00007fc7a40c4800 nmethod 1977 0x00007fc7956a3310 code [0x00007fc7956a3480, 0x00007fc7956a3608]

GC Heap History (10 events):
Event: 9,507 GC heap after
Heap after GC invocations=1 (full 0):
 PSYoungGen      total 36864K, used 5114K [0x00000000d7100000, 0x00000000db900000, 0x0000000100000000)
  eden space 31744K, 0% used [0x00000000d7100000,0x00000000d7100000,0x00000000d9000000)
  from space 5120K, 99% used [0x00000000d9000000,0x00000000d94feaf0,0x00000000d9500000)
  to   space 5120K, 0% used [0x00000000db400000,0x00000000db400000,0x00000000db900000)
 ParOldGen       total 84992K, used 748K [0x0000000085200000, 0x000000008a500000, 0x00000000d7100000)
  object space 84992K, 0% used [0x0000000085200000,0x00000000852bb0d0,0x000000008a500000)
 Metaspace       used 10087K, capacity 10398K, committed 10624K, reserved 1058816K
  class space    used 1178K, capacity 1295K, committed 1408K, reserved 1048576K
}
Event: 12,115 GC heap before
{Heap before GC invocations=2 (full 0):
 PSYoungGen      total 36864K, used 36858K [0x00000000d7100000, 0x00000000db900000, 0x0000000100000000)
  eden space 31744K, 100% used [0x00000000d7100000,0x00000000d9000000,0x00000000d9000000)
  from space 5120K, 99% used [0x00000000d9000000,0x00000000d94feaf0,0x00000000d9500000)
  to   space 5120K, 0% used [0x00000000db400000,0x00000000db400000,0x00000000db900000)
 ParOldGen       total 84992K, used 748K [0x0000000085200000, 0x000000008a500000, 0x00000000d7100000)
  object space 84992K, 0% used [0x0000000085200000,0x00000000852bb0d0,0x000000008a500000)
 Metaspace       used 13121K, capacity 13362K, committed 13568K, reserved 1060864K
  class space    used 1587K, capacity 1685K, committed 1792K, reserved 1048576K
Event: 12,444 GC heap after
Heap after GC invocations=2 (full 0):
 PSYoungGen      total 68608K, used 5090K [0x00000000d7100000, 0x00000000db900000, 0x0000000100000000)
  eden space 63488K, 0% used [0x00000000d7100000,0x00000000d7100000,0x00000000daf00000)
  from space 5120K, 99% used [0x00000000db400000,0x00000000db8f8b70,0x00000000db900000)
  to   space 5120K, 0% used [0x00000000daf00000,0x00000000daf00000,0x00000000db400000)
 ParOldGen       total 84992K, used 770K [0x0000000085200000, 0x000000008a500000, 0x00000000d7100000)
  object space 84992K, 0% used [0x0000000085200000,0x00000000852c0958,0x000000008a500000)
 Metaspace       used 13121K, capacity 13362K, committed 13568K, reserved 1060864K
  class space    used 1587K, capacity 1685K, committed 1792K, reserved 1048576K
}
Event: 16,374 GC heap before
{Heap before GC invocations=3 (full 0):
 PSYoungGen      total 68608K, used 68494K [0x00000000d7100000, 0x00000000db900000, 0x0000000100000000)
  eden space 63488K, 99% used [0x00000000d7100000,0x00000000daeeacb0,0x00000000daf00000)
  from space 5120K, 99% used [0x00000000db400000,0x00000000db8f8b70,0x00000000db900000)
  to   space 5120K, 0% used [0x00000000daf00000,0x00000000daf00000,0x00000000db400000)
 ParOldGen       total 84992K, used 770K [0x0000000085200000, 0x000000008a500000, 0x00000000d7100000)
  object space 84992K, 0% used [0x0000000085200000,0x00000000852c0958,0x000000008a500000)
 Metaspace       used 20624K, capacity 21150K, committed 21248K, reserved 1067008K
  class space    used 2527K, capacity 2730K, committed 2816K, reserved 1048576K
Event: 16,382 GC heap after
Heap after GC invocations=3 (full 0):
 PSYoungGen      total 68608K, used 5112K [0x00000000d7100000, 0x00000000df700000, 0x0000000100000000)
  eden space 63488K, 0% used [0x00000000d7100000,0x00000000d7100000,0x00000000daf00000)
  from space 5120K, 99% used [0x00000000daf00000,0x00000000db3fe0b8,0x00000000db400000)
  to   space 5120K, 0% used [0x00000000df200000,0x00000000df200000,0x00000000df700000)
 ParOldGen       total 84992K, used 4659K [0x0000000085200000, 0x000000008a500000, 0x00000000d7100000)
  object space 84992K, 5% used [0x0000000085200000,0x000000008568ce30,0x000000008a500000)
 Metaspace       used 20624K, capacity 21150K, committed 21248K, reserved 1067008K
  class space    used 2527K, capacity 2730K, committed 2816K, reserved 1048576K
}
Event: 16,382 GC heap before
{Heap before GC invocations=4 (full 1):
 PSYoungGen      total 68608K, used 5112K [0x00000000d7100000, 0x00000000df700000, 0x0000000100000000)
  eden space 63488K, 0% used [0x00000000d7100000,0x00000000d7100000,0x00000000daf00000)
  from space 5120K, 99% used [0x00000000daf00000,0x00000000db3fe0b8,0x00000000db400000)
  to   space 5120K, 0% used [0x00000000df200000,0x00000000df200000,0x00000000df700000)
 ParOldGen       total 84992K, used 4659K [0x0000000085200000, 0x000000008a500000, 0x00000000d7100000)
  object space 84992K, 5% used [0x0000000085200000,0x000000008568ce30,0x000000008a500000)
 Metaspace       used 20624K, capacity 21150K, committed 21248K, reserved 1067008K
  class space    used 2527K, capacity 2730K, committed 2816K, reserved 1048576K
Event: 16,453 GC heap after
Heap after GC invocations=4 (full 1):
 PSYoungGen      total 68608K, used 0K [0x00000000d7100000, 0x00000000df700000, 0x0000000100000000)
  eden space 63488K, 0% used [0x00000000d7100000,0x00000000d7100000,0x00000000daf00000)
  from space 5120K, 0% used [0x00000000daf00000,0x00000000daf00000,0x00000000db400000)
  to   space 5120K, 0% used [0x00000000df200000,0x00000000df200000,0x00000000df700000)
 ParOldGen       total 46592K, used 8744K [0x0000000085200000, 0x0000000087f80000, 0x00000000d7100000)
  object space 46592K, 18% used [0x0000000085200000,0x0000000085a8a168,0x0000000087f80000)
 Metaspace       used 20624K, capacity 21150K, committed 21248K, reserved 1067008K
  class space    used 2527K, capacity 2730K, committed 2816K, reserved 1048576K
}
Event: 18,732 GC heap before
{Heap before GC invocations=5 (full 1):
 PSYoungGen      total 68608K, used 63488K [0x00000000d7100000, 0x00000000df700000, 0x0000000100000000)
  eden space 63488K, 100% used [0x00000000d7100000,0x00000000daf00000,0x00000000daf00000)
  from space 5120K, 0% used [0x00000000daf00000,0x00000000daf00000,0x00000000db400000)
  to   space 5120K, 0% used [0x00000000df200000,0x00000000df200000,0x00000000df700000)
 ParOldGen       total 46592K, used 8744K [0x0000000085200000, 0x0000000087f80000, 0x00000000d7100000)
  object space 46592K, 18% used [0x0000000085200000,0x0000000085a8a168,0x0000000087f80000)
 Metaspace       used 28629K, capacity 29600K, committed 29696K, reserved 1075200K
  class space    used 3686K, capacity 4079K, committed 4096K, reserved 1048576K
Event: 18,742 GC heap after
Heap after GC invocations=5 (full 1):
 PSYoungGen      total 128512K, used 5107K [0x00000000d7100000, 0x00000000df700000, 0x0000000100000000)
  eden space 123392K, 0% used [0x00000000d7100000,0x00000000d7100000,0x00000000de980000)
  from space 5120K, 99% used [0x00000000df200000,0x00000000df6fce90,0x00000000df700000)
  to   space 5120K, 0% used [0x00000000ded00000,0x00000000ded00000,0x00000000df200000)
 ParOldGen       total 46592K, used 12956K [0x0000000085200000, 0x0000000087f80000, 0x00000000d7100000)
  object space 46592K, 27% used [0x0000000085200000,0x0000000085ea7080,0x0000000087f80000)
 Metaspace       used 28629K, capacity 29600K, committed 29696K, reserved 1075200K
  class space    used 3686K, capacity 4079K, committed 4096K, reserved 1048576K
}
Event: 20,452 GC heap before
{Heap before GC invocations=6 (full 1):
 PSYoungGen      total 128512K, used 88505K [0x00000000d7100000, 0x00000000df700000, 0x0000000100000000)
  eden space 123392K, 67% used [0x00000000d7100000,0x00000000dc271698,0x00000000de980000)
  from space 5120K, 99% used [0x00000000df200000,0x00000000df6fce90,0x00000000df700000)
  to   space 5120K, 0% used [0x00000000ded00000,0x00000000ded00000,0x00000000df200000)
 ParOldGen       total 46592K, used 12956K [0x0000000085200000, 0x0000000087f80000, 0x00000000d7100000)
  object space 46592K, 27% used [0x0000000085200000,0x0000000085ea7080,0x0000000087f80000)
 Metaspace       used 34239K, capacity 35354K, committed 35416K, reserved 1079296K
  class space    used 4438K, capacity 4850K, committed 4864K, reserved 1048576K

Deoptimization events (10 events):
Event: 16,517 Thread 0x00007fc7a4010000 Uncommon trap: reason=class_check action=maybe_recompile pc=0x00007fc79550fc8c method=java.util.regex.Pattern$Node.study(Ljava/util/regex/Pattern$TreeInfo;)Z @ 12
Event: 16,517 Thread 0x00007fc7a4010000 Uncommon trap: reason=class_check action=maybe_recompile pc=0x00007fc79550fc8c method=java.util.regex.Pattern$Node.study(Ljava/util/regex/Pattern$TreeInfo;)Z @ 12
Event: 16,517 Thread 0x00007fc7a4010000 Uncommon trap: reason=class_check action=maybe_recompile pc=0x00007fc79550fc8c method=java.util.regex.Pattern$Node.study(Ljava/util/regex/Pattern$TreeInfo;)Z @ 12
Event: 16,517 Thread 0x00007fc7a4010000 Uncommon trap: reason=class_check action=maybe_recompile pc=0x00007fc79550fc8c method=java.util.regex.Pattern$Node.study(Ljava/util/regex/Pattern$TreeInfo;)Z @ 12
Event: 16,950 Thread 0x00007fc7a4010000 Uncommon trap: reason=unstable_if action=reinterpret pc=0x00007fc79553d3a0 method=java.util.jar.JarFile.maybeInstantiateVerifier()V @ 75
Event: 17,025 Thread 0x00007fc7a4010000 Uncommon trap: reason=unstable_if action=reinterpret pc=0x00007fc7954ed674 method=java.lang.ThreadLocal.get()Ljava/lang/Object; @ 11
Event: 17,229 Thread 0x00007fc7a4010000 Uncommon trap: reason=unstable_if action=reinterpret pc=0x00007fc79535395c method=java.util.HashMap.putVal(ILjava/lang/Object;Ljava/lang/Object;ZZ)Ljava/lang/Object; @ 236
Event: 17,287 Thread 0x00007fc7a4010000 Uncommon trap: reason=unstable_if action=reinterpret pc=0x00007fc795528068 method=java.util.regex.Pattern.split(Ljava/lang/CharSequence;I)[Ljava/lang/String; @ 167
Event: 17,288 Thread 0x00007fc7a4010000 Uncommon trap: reason=unstable_if action=reinterpret pc=0x00007fc795334420 method=java.lang.CharacterDataLatin1.isWhitespace(I)Z @ 14
Event: 20,162 Thread 0x00007fc7a4010000 Uncommon trap: reason=unstable_if action=reinterpret pc=0x00007fc795667028 method=java.net.URLClassLoader.definePackageInternal(Ljava/lang/String;Ljava/util/jar/Manifest;Ljava/net/URL;)V @ 11

Classes redefined (0 events):
No events

Internal exceptions (10 events):
Event: 16,562 Thread 0x00007fc7a4010000 Exception <a 'java/lang/IncompatibleClassChangeError': Found class java.lang.Object, but interface was expected> (0x00000000d7313910) thrown at [/HUDSON/workspace/8-2-build-linux-amd64/jdk8u201/12317/hotspot/src/share/vm/interpreter/linkResolver.cpp, line
Event: 16,592 Thread 0x00007fc7a4010000 Exception <a 'java/lang/IncompatibleClassChangeError': Found class java.lang.Object, but interface was expected> (0x00000000d73d6858) thrown at [/HUDSON/workspace/8-2-build-linux-amd64/jdk8u201/12317/hotspot/src/share/vm/interpreter/linkResolver.cpp, line
Event: 16,727 Thread 0x00007fc7a4010000 Exception <a 'java/lang/IncompatibleClassChangeError': Found class java.lang.Object, but interface was expected> (0x00000000d75c9d58) thrown at [/HUDSON/workspace/8-2-build-linux-amd64/jdk8u201/12317/hotspot/src/share/vm/interpreter/linkResolver.cpp, line
Event: 17,025 Thread 0x00007fc7a4010000 Implicit null exception at 0x00007fc7954ed3b0 to 0x00007fc7954ed65d
Event: 17,438 Thread 0x00007fc7a4010000 Exception <a 'java/lang/IncompatibleClassChangeError': Found class java.lang.Object, but interface was expected> (0x00000000d7d67cf0) thrown at [/HUDSON/workspace/8-2-build-linux-amd64/jdk8u201/12317/hotspot/src/share/vm/interpreter/linkResolver.cpp, line
Event: 17,608 Thread 0x00007fc7a4010000 Exception <a 'java/lang/IncompatibleClassChangeError': Found class java.lang.Object, but interface was expected> (0x00000000d8049ef0) thrown at [/HUDSON/workspace/8-2-build-linux-amd64/jdk8u201/12317/hotspot/src/share/vm/interpreter/linkResolver.cpp, line
Event: 17,623 Thread 0x00007fc7a4010000 Exception <a 'java/lang/IncompatibleClassChangeError': Found class java.lang.Object, but interface was expected> (0x00000000d80f4668) thrown at [/HUDSON/workspace/8-2-build-linux-amd64/jdk8u201/12317/hotspot/src/share/vm/interpreter/linkResolver.cpp, line
Event: 17,883 Thread 0x00007fc7a4010000 Exception <a 'java/lang/IncompatibleClassChangeError': Found class java.lang.Object, but interface was expected> (0x00000000d8dd7df8) thrown at [/HUDSON/workspace/8-2-build-linux-amd64/jdk8u201/12317/hotspot/src/share/vm/interpreter/linkResolver.cpp, line
Event: 17,924 Thread 0x00007fc7a4010000 Exception <a 'java/lang/IncompatibleClassChangeError': Found class java.lang.Object, but interface was expected> (0x00000000d9133f98) thrown at [/HUDSON/workspace/8-2-build-linux-amd64/jdk8u201/12317/hotspot/src/share/vm/interpreter/linkResolver.cpp, line
Event: 17,952 Thread 0x00007fc7a4010000 Exception <a 'java/lang/IncompatibleClassChangeError': Found class java.lang.Object, but interface was expected> (0x00000000d91d7750) thrown at [/HUDSON/workspace/8-2-build-linux-amd64/jdk8u201/12317/hotspot/src/share/vm/interpreter/linkResolver.cpp, line

Events (10 events):
Event: 20,441 loading class com/fasterxml/jackson/databind/deser/impl/FieldProperty
Event: 20,441 loading class com/fasterxml/jackson/databind/deser/impl/FieldProperty done
Event: 20,441 loading class com/fasterxml/jackson/databind/deser/impl/SetterlessProperty
Event: 20,441 loading class com/fasterxml/jackson/databind/deser/impl/SetterlessProperty done
Event: 20,442 loading class com/fasterxml/jackson/databind/deser/Deserializers
Event: 20,442 loading class com/fasterxml/jackson/databind/deser/Deserializers done
Event: 20,442 loading class com/fasterxml/jackson/databind/PropertyName
Event: 20,442 loading class com/fasterxml/jackson/databind/PropertyName done
Event: 20,443 loading class java/util/concurrent/ConcurrentNavigableMap
Event: 20,452 Executing VM operation: CollectForMetadataAllocation


Dynamic libraries:
00400000-00401000 r-xp 00000000 08:05 927728                             /usr/lib/jvm/java-8-oracle/bin/java
00600000-00601000 r--p 00000000 08:05 927728                             /usr/lib/jvm/java-8-oracle/bin/java
00601000-00602000 rw-p 00001000 08:05 927728                             /usr/lib/jvm/java-8-oracle/bin/java
013bb000-013dc000 rw-p 00000000 00:00 0                                  [heap]
85200000-88200000 rw-p 00000000 00:00 0 
88200000-d7100000 ---p 00000000 00:00 0 
d7100000-df700000 rw-p 00000000 00:00 0 
e9a00000-100000000 ---p 00000000 00:00 0 
100000000-1004c0000 rw-p 00000000 00:00 0 
1004c0000-140000000 ---p 00000000 00:00 0 
7fc714000000-7fc714021000 rw-p 00000000 00:00 0 
7fc714021000-7fc718000000 ---p 00000000 00:00 0 
7fc71c000000-7fc71c021000 rw-p 00000000 00:00 0 
7fc71c021000-7fc720000000 ---p 00000000 00:00 0 
7fc720000000-7fc720021000 rw-p 00000000 00:00 0 
7fc720021000-7fc724000000 ---p 00000000 00:00 0 
7fc724000000-7fc724021000 rw-p 00000000 00:00 0 
7fc724021000-7fc728000000 ---p 00000000 00:00 0 
7fc728000000-7fc728021000 rw-p 00000000 00:00 0 
7fc728021000-7fc72c000000 ---p 00000000 00:00 0 
7fc72c000000-7fc72c021000 rw-p 00000000 00:00 0 
7fc72c021000-7fc730000000 ---p 00000000 00:00 0 
7fc730000000-7fc730021000 rw-p 00000000 00:00 0 
7fc730021000-7fc734000000 ---p 00000000 00:00 0 
7fc734000000-7fc734021000 rw-p 00000000 00:00 0 
7fc734021000-7fc738000000 ---p 00000000 00:00 0 
7fc738000000-7fc738021000 rw-p 00000000 00:00 0 
7fc738021000-7fc73c000000 ---p 00000000 00:00 0 
7fc73c000000-7fc73c021000 rw-p 00000000 00:00 0 
7fc73c021000-7fc740000000 ---p 00000000 00:00 0 
7fc740000000-7fc740021000 rw-p 00000000 00:00 0 
7fc740021000-7fc744000000 ---p 00000000 00:00 0 
7fc745ffe000-7fc748000000 rw-p 00000000 00:00 0 
7fc748000000-7fc748021000 rw-p 00000000 00:00 0 
7fc748021000-7fc74c000000 ---p 00000000 00:00 0 
7fc74c000000-7fc74c056000 rw-p 00000000 00:00 0 
7fc74c056000-7fc750000000 ---p 00000000 00:00 0 
7fc750000000-7fc750021000 rw-p 00000000 00:00 0 
7fc750021000-7fc754000000 ---p 00000000 00:00 0 
7fc754bfb000-7fc754bfe000 ---p 00000000 00:00 0 
7fc754bfe000-7fc754cfc000 rw-p 00000000 00:00 0 
7fc754cfc000-7fc754cff000 ---p 00000000 00:00 0 
7fc754cff000-7fc754dfd000 rw-p 00000000 00:00 0 
7fc754dfd000-7fc754e00000 ---p 00000000 00:00 0 
7fc754e00000-7fc754efe000 rw-p 00000000 00:00 0 
7fc754efe000-7fc754f01000 ---p 00000000 00:00 0 
7fc754f01000-7fc758000000 rw-p 00000000 00:00 0 
7fc758000000-7fc758021000 rw-p 00000000 00:00 0 
7fc758021000-7fc75c000000 ---p 00000000 00:00 0 
7fc75c000000-7fc75c021000 rw-p 00000000 00:00 0 
7fc75c021000-7fc760000000 ---p 00000000 00:00 0 
7fc760000000-7fc760305000 rw-p 00000000 00:00 0 
7fc760305000-7fc764000000 ---p 00000000 00:00 0 
7fc764000000-7fc7643ba000 rw-p 00000000 00:00 0 
7fc7643ba000-7fc768000000 ---p 00000000 00:00 0 
7fc768000000-7fc768021000 rw-p 00000000 00:00 0 
7fc768021000-7fc76c000000 ---p 00000000 00:00 0 
7fc76c000000-7fc76da21000 rw-p 00000000 00:00 0 
7fc76da21000-7fc770000000 ---p 00000000 00:00 0 
7fc770000000-7fc770021000 rw-p 00000000 00:00 0 
7fc770021000-7fc774000000 ---p 00000000 00:00 0 
7fc774000000-7fc774021000 rw-p 00000000 00:00 0 
7fc774021000-7fc778000000 ---p 00000000 00:00 0 
7fc778000000-7fc778021000 rw-p 00000000 00:00 0 
7fc778021000-7fc77c000000 ---p 00000000 00:00 0 
7fc77c000000-7fc77c29d000 rw-p 00000000 00:00 0 
7fc77c29d000-7fc780000000 ---p 00000000 00:00 0 
7fc780000000-7fc780021000 rw-p 00000000 00:00 0 
7fc780021000-7fc784000000 ---p 00000000 00:00 0 
7fc784098000-7fc78409b000 ---p 00000000 00:00 0 
7fc78409b000-7fc784199000 rw-p 00000000 00:00 0 
7fc784199000-7fc78419c000 ---p 00000000 00:00 0 
7fc78419c000-7fc78429a000 rw-p 00000000 00:00 0 
7fc78429a000-7fc78429d000 ---p 00000000 00:00 0 
7fc78429d000-7fc78439b000 rw-p 00000000 00:00 0 
7fc78439b000-7fc78439e000 ---p 00000000 00:00 0 
7fc78439e000-7fc78449c000 rw-p 00000000 00:00 0 
7fc78449c000-7fc78449f000 ---p 00000000 00:00 0 
7fc78449f000-7fc78459d000 rw-p 00000000 00:00 0 
7fc78459d000-7fc7845a0000 ---p 00000000 00:00 0 
7fc7845a0000-7fc78469e000 rw-p 00000000 00:00 0 
7fc78469e000-7fc7846a1000 ---p 00000000 00:00 0 
7fc7846a1000-7fc784975000 rw-p 00000000 00:00 0 
7fc784975000-7fc78499f000 ---p 00000000 00:00 0 
7fc78499f000-7fc7849a2000 ---p 00000000 00:00 0 
7fc7849a2000-7fc784ca0000 rw-p 00000000 00:00 0 
7fc784ca0000-7fc784ca3000 ---p 00000000 00:00 0 
7fc784ca3000-7fc784fa1000 rw-p 00000000 00:00 0 
7fc784fa1000-7fc7851a1000 rw-p 00000000 00:00 0 
7fc7851a1000-7fc7851a4000 r--s 0001a000 08:05 929461                     /usr/lib/jvm/java-8-oracle/jre/lib/jce.jar
7fc7851a4000-7fc7853a4000 rw-p 00000000 00:00 0 
7fc7853a4000-7fc7853a8000 r--s 000a1000 08:05 929285                     /usr/lib/jvm/java-8-oracle/jre/lib/jsse.jar
7fc7853a8000-7fc7855a8000 rw-p 00000000 00:00 0 
7fc7855a8000-7fc7857a8000 rw-p 00000000 00:00 0 
7fc7857a8000-7fc7857ab000 ---p 00000000 00:00 0 
7fc7857ab000-7fc785aa9000 rw-p 00000000 00:00 0 
7fc785aa9000-7fc785aba000 r-xp 00000000 08:05 929448                     /usr/lib/jvm/java-8-oracle/jre/lib/amd64/libnio.so
7fc785aba000-7fc785cb9000 ---p 00011000 08:05 929448                     /usr/lib/jvm/java-8-oracle/jre/lib/amd64/libnio.so
7fc785cb9000-7fc785cba000 r--p 00010000 08:05 929448                     /usr/lib/jvm/java-8-oracle/jre/lib/amd64/libnio.so
7fc785cba000-7fc785cbb000 rw-p 00011000 08:05 929448                     /usr/lib/jvm/java-8-oracle/jre/lib/amd64/libnio.so
7fc785cbb000-7fc785ebb000 rw-p 00000000 00:00 0 
7fc785ebb000-7fc785ed6000 r--s 001d4000 08:05 929292                     /usr/lib/jvm/java-8-oracle/jre/lib/ext/nashorn.jar
7fc785ed6000-7fc7860d6000 rw-p 00000000 00:00 0 
7fc7860d6000-7fc7862d6000 rw-p 00000000 00:00 0 
7fc7862d6000-7fc7862ec000 r-xp 00000000 08:05 929445                     /usr/lib/jvm/java-8-oracle/jre/lib/amd64/libnet.so
7fc7862ec000-7fc7864ec000 ---p 00016000 08:05 929445                     /usr/lib/jvm/java-8-oracle/jre/lib/amd64/libnet.so
7fc7864ec000-7fc7864ed000 r--p 00016000 08:05 929445                     /usr/lib/jvm/java-8-oracle/jre/lib/amd64/libnet.so
7fc7864ed000-7fc7864ee000 rw-p 00017000 08:05 929445                     /usr/lib/jvm/java-8-oracle/jre/lib/amd64/libnet.so
7fc7864ee000-7fc7864f7000 r-xp 00000000 08:05 929453                     /usr/lib/jvm/java-8-oracle/jre/lib/amd64/libmanagement.so
7fc7864f7000-7fc7866f6000 ---p 00009000 08:05 929453                     /usr/lib/jvm/java-8-oracle/jre/lib/amd64/libmanagement.so
7fc7866f6000-7fc7866f7000 r--p 00008000 08:05 929453                     /usr/lib/jvm/java-8-oracle/jre/lib/amd64/libmanagement.so
7fc7866f7000-7fc7866f8000 rw-p 00009000 08:05 929453                     /usr/lib/jvm/java-8-oracle/jre/lib/amd64/libmanagement.so
7fc7866f8000-7fc7866fa000 r--s 00007000 08:05 3802523                    /home/balde/.m2/repository/org/quartz-scheduler/quartz-jobs/2.3.0/quartz-jobs-2.3.0.jar
7fc7866fa000-7fc7866fc000 r--s 00006000 08:05 3802521                    /home/balde/.m2/repository/org/slf4j/slf4j-api/1.7.7/slf4j-api-1.7.7.jar
7fc7866fc000-7fc7866fe000 r--s 0001b000 08:05 3802519                    /home/balde/.m2/repository/com/zaxxer/HikariCP-java6/2.3.13/HikariCP-java6-2.3.13.jar
7fc7866fe000-7fc78670e000 r--s 00085000 08:05 3802517                    /home/balde/.m2/repository/com/mchange/mchange-commons-java/0.2.11/mchange-commons-java-0.2.11.jar
7fc78670e000-7fc786715000 r--s 00073000 08:05 3802515                    /home/balde/.m2/repository/com/mchange/c3p0/0.9.5.2/c3p0-0.9.5.2.jar
7fc786715000-7fc78671f000 r--s 0009f000 08:05 3802513                    /home/balde/.m2/repository/org/quartz-scheduler/quartz/2.3.0/quartz-2.3.0.jar
7fc78671f000-7fc786721000 r--s 0000e000 08:05 3802511                    /home/balde/.m2/repository/javax/activation/activation/1.1/activation-1.1.jar
7fc786721000-7fc786729000 r--s 00099000 08:05 3802509                    /home/balde/.m2/repository/com/sun/mail/javax.mail/1.6.2/javax.mail-1.6.2.jar
7fc786729000-7fc78672d000 r--s 00032000 08:05 3802507                    /home/balde/.m2/repository/javax/mail/javax.mail-api/1.6.2/javax.mail-api-1.6.2.jar
7fc78672d000-7fc78674e000 r--s 0016d000 08:05 3802505                    /home/balde/.m2/repository/org/apache/logging/log4j/log4j-core/2.11.2/log4j-core-2.11.2.jar
7fc78674e000-7fc786754000 r--s 0003c000 08:05 3802503                    /home/balde/.m2/repository/org/apache/logging/log4j/log4j-api/2.11.2/log4j-api-2.11.2.jar
7fc786754000-7fc786757000 r--s 00011000 08:05 3802501                    /home/balde/.m2/repository/org/elasticsearch/plugin/parent-join-client/5.6.14/parent-join-client-5.6.14.jar
7fc786757000-7fc78675a000 r--s 00017000 08:05 3802499                    /home/balde/.m2/repository/org/elasticsearch/plugin/percolator-client/5.6.14/percolator-client-5.6.14.jar
7fc78675a000-7fc78675d000 r--s 00016000 08:05 3802497                    /home/balde/.m2/repository/com/github/spullara/mustache/java/compiler/0.9.3/compiler-0.9.3.jar
7fc78675d000-7fc786760000 r--s 0000f000 08:05 3802495                    /home/balde/.m2/repository/org/elasticsearch/plugin/lang-mustache-client/5.6.14/lang-mustache-client-5.6.14.jar
7fc786760000-7fc786762000 r--s 0000e000 08:05 3802493                    /home/balde/.m2/repository/commons-logging/commons-logging/1.1.3/commons-logging-1.1.3.jar
7fc786762000-7fc786769000 r--s 0003f000 08:05 3802491                    /home/balde/.m2/repository/commons-codec/commons-codec/1.10/commons-codec-1.10.jar
7fc786769000-7fc786770000 r--s 00050000 08:05 3802489                    /home/balde/.m2/repository/org/apache/httpcomponents/httpcore-nio/4.4.5/httpcore-nio-4.4.5.jar
7fc786770000-7fc78677d000 r--s 000a7000 08:05 3802483                    /home/balde/.m2/repository/org/apache/httpcomponents/httpclient/4.5.2/httpclient-4.5.2.jar
7fc78677d000-7fc786823000 r--s 00900000 08:05 3802401                    /home/balde/.m2/repository/org/elasticsearch/elasticsearch/5.6.14/elasticsearch-5.6.14.jar
7fc786823000-7fc786824000 ---p 00000000 00:00 0 
7fc786824000-7fc786924000 rw-p 00000000 00:00 0 
7fc786924000-7fc786927000 ---p 00000000 00:00 0 
7fc786927000-7fc786a25000 rw-p 00000000 00:00 0 
7fc786a25000-7fc786a26000 ---p 00000000 00:00 0 
7fc786a26000-7fc786a29000 ---p 00000000 00:00 0 
7fc786a29000-7fc786b26000 rw-p 00000000 00:00 0 
7fc786b26000-7fc786b27000 ---p 00000000 00:00 0 
7fc786b27000-7fc786b2a000 ---p 00000000 00:00 0 
7fc786b2a000-7fc786c27000 rw-p 00000000 00:00 0 
7fc786c27000-7fc786c28000 ---p 00000000 00:00 0 
7fc786c28000-7fc786c2b000 ---p 00000000 00:00 0 
7fc786c2b000-7fc786d28000 rw-p 00000000 00:00 0 
7fc786d28000-7fc786d2b000 ---p 00000000 00:00 0 
7fc786d2b000-7fc786e29000 rw-p 00000000 00:00 0 
7fc786e29000-7fc7877f8000 r--p 00000000 08:05 924357                     /usr/lib/locale/locale-archive
7fc7877f8000-7fc7877fb000 ---p 00000000 00:00 0 
7fc7877fb000-7fc7878f9000 rw-p 00000000 00:00 0 
7fc7878f9000-7fc7878fc000 ---p 00000000 00:00 0 
7fc7878fc000-7fc7879fa000 rw-p 00000000 00:00 0 
7fc7879fa000-7fc7879fb000 ---p 00000000 00:00 0 
7fc7879fb000-7fc788000000 rw-p 00000000 00:00 0 
7fc788000000-7fc788021000 rw-p 00000000 00:00 0 
7fc788021000-7fc78c000000 ---p 00000000 00:00 0 
7fc78c001000-7fc78c005000 r--s 00028000 08:05 3802487                    /home/balde/.m2/repository/org/apache/httpcomponents/httpasyncclient/4.1.2/httpasyncclient-4.1.2.jar
7fc78c005000-7fc78c00c000 r--s 00049000 08:05 3802485                    /home/balde/.m2/repository/org/apache/httpcomponents/httpcore/4.4.5/httpcore-4.4.5.jar
7fc78c00c000-7fc78c00d000 r--s 00008000 08:05 3802481                    /home/balde/.m2/repository/org/elasticsearch/client/elasticsearch-rest-client/5.6.14/elasticsearch-rest-client-5.6.14.jar
7fc78c00d000-7fc78c00f000 r--s 00019000 08:05 3802479                    /home/balde/.m2/repository/org/elasticsearch/plugin/reindex-client/5.6.14/reindex-client-5.6.14.jar
7fc78c00f000-7fc78c018000 r--s 00061000 08:05 3802477                    /home/balde/.m2/repository/io/netty/netty-transport/4.1.13.Final/netty-transport-4.1.13.Final.jar
7fc78c018000-7fc78c019000 r--s 00007000 08:05 3802475                    /home/balde/.m2/repository/io/netty/netty-resolver/4.1.13.Final/netty-resolver-4.1.13.Final.jar
7fc78c019000-7fc78c020000 r--s 00050000 08:05 3802473                    /home/balde/.m2/repository/io/netty/netty-handler/4.1.13.Final/netty-handler-4.1.13.Final.jar
7fc78c020000-7fc78c02c000 r--s 00077000 08:05 3802471                    /home/balde/.m2/repository/io/netty/netty-common/4.1.13.Final/netty-common-4.1.13.Final.jar
7fc78c02c000-7fc78c036000 r--s 0007c000 08:05 3802469                    /home/balde/.m2/repository/io/netty/netty-codec-http/4.1.13.Final/netty-codec-http-4.1.13.Final.jar
7fc78c036000-7fc78c03d000 r--s 00046000 08:05 3802467                    /home/balde/.m2/repository/io/netty/netty-codec/4.1.13.Final/netty-codec-4.1.13.Final.jar
7fc78c03d000-7fc78c040000 r--s 0003f000 08:05 3802465                    /home/balde/.m2/repository/io/netty/netty-buffer/4.1.13.Final/netty-buffer-4.1.13.Final.jar
7fc78c040000-7fc78c042000 r--s 00012000 08:05 3802463                    /home/balde/.m2/repository/org/elasticsearch/plugin/transport-netty4-client/5.6.14/transport-netty4-client-5.6.14.jar
7fc78c042000-7fc78c053000 r--s 000b2000 08:05 3802461                    /home/balde/.m2/repository/com/vividsolutions/jts/1.13/jts-1.13.jar
7fc78c053000-7fc78c057000 r--s 0002a000 08:05 3802459                    /home/balde/.m2/repository/org/locationtech/spatial4j/spatial4j/0.6/spatial4j-0.6.jar
7fc78c057000-7fc78c070000 r--s 00123000 08:05 3802457                    /home/balde/.m2/repository/io/netty/netty/3.10.6.Final/netty-3.10.6.Final.jar
7fc78c070000-7fc78c072000 r--s 00012000 08:05 3802455                    /home/balde/.m2/repository/org/elasticsearch/plugin/transport-netty3-client/5.6.14/transport-netty3-client-5.6.14.jar
7fc78c072000-7fc78c076000 r--s 0007c000 08:05 3802453                    /home/balde/.m2/repository/org/elasticsearch/jna/4.4.0-1/jna-4.4.0-1.jar
7fc78c076000-7fc78c078000 r--s 0001a000 08:05 3802451                    /home/balde/.m2/repository/org/hdrhistogram/HdrHistogram/2.1.9/HdrHistogram-2.1.9.jar
7fc78c078000-7fc78c07a000 r--s 0000b000 08:05 3802449                    /home/balde/.m2/repository/com/tdunning/t-digest/3.0/t-digest-3.0.jar
7fc78c07a000-7fc78c07c000 r--s 0000b000 08:05 3802447                    /home/balde/.m2/repository/com/fasterxml/jackson/dataformat/jackson-dataformat-cbor/2.8.6/jackson-dataformat-cbor-2.8.6.jar
7fc78c07c000-7fc78c07d000 r--s 00009000 08:05 3802445                    /home/balde/.m2/repository/com/fasterxml/jackson/dataformat/jackson-dataformat-yaml/2.8.6/jackson-dataformat-yaml-2.8.6.jar
7fc78c07d000-7fc78c08e000 r--s 0008c000 08:05 3802439                    /home/balde/.m2/repository/joda-time/joda-time/2.10/joda-time-2.10.jar
7fc78c08e000-7fc790000000 rw-p 00000000 00:00 0 
7fc790000000-7fc790021000 rw-p 00000000 00:00 0 
7fc790021000-7fc794000000 ---p 00000000 00:00 0 
7fc794000000-7fc794002000 r--s 00011000 08:05 3802443                    /home/balde/.m2/repository/com/fasterxml/jackson/dataformat/jackson-dataformat-smile/2.8.6/jackson-dataformat-smile-2.8.6.jar
7fc794002000-7fc794008000 r--s 0003c000 08:05 3802441                    /home/balde/.m2/repository/org/yaml/snakeyaml/1.15/snakeyaml-1.15.jar
7fc794008000-7fc79401f000 r--s 00100000 08:05 3802437                    /home/balde/.m2/repository/com/carrotsearch/hppc/0.7.1/hppc-0.7.1.jar
7fc79401f000-7fc794022000 r--s 00011000 08:05 3802435                    /home/balde/.m2/repository/net/sf/jopt-simple/jopt-simple/5.0.2/jopt-simple-5.0.2.jar
7fc794022000-7fc794023000 r--s 00001000 08:05 3802433                    /home/balde/.m2/repository/org/elasticsearch/securesm/1.2/securesm-1.2.jar
7fc794023000-7fc794028000 r--s 00038000 08:05 3802431                    /home/balde/.m2/repository/org/apache/lucene/lucene-suggest/6.6.1/lucene-suggest-6.6.1.jar
7fc794028000-7fc79402c000 r--s 00036000 08:05 3802429                    /home/balde/.m2/repository/org/apache/lucene/lucene-spatial3d/6.6.1/lucene-spatial3d-6.6.1.jar
7fc79402c000-7fc794030000 r--s 0002c000 08:05 3802427                    /home/balde/.m2/repository/org/apache/lucene/lucene-spatial-extras/6.6.1/lucene-spatial-extras-6.6.1.jar
7fc794030000-7fc794032000 r--s 0000c000 08:05 3802425                    /home/balde/.m2/repository/org/apache/lucene/lucene-spatial/6.6.1/lucene-spatial-6.6.1.jar
7fc794032000-7fc794036000 r--s 00026000 08:05 3802423                    /home/balde/.m2/repository/org/apache/lucene/lucene-sandbox/6.6.1/lucene-sandbox-6.6.1.jar
7fc794036000-7fc79403f000 r--s 0005a000 08:05 3802421                    /home/balde/.m2/repository/org/apache/lucene/lucene-queryparser/6.6.1/lucene-queryparser-6.6.1.jar
7fc79403f000-7fc794046000 r--s 00034000 08:05 3802419                    /home/balde/.m2/repository/org/apache/lucene/lucene-queries/6.6.1/lucene-queries-6.6.1.jar
7fc794046000-7fc79404a000 r--s 00025000 08:05 3802417                    /home/balde/.m2/repository/org/apache/lucene/lucene-misc/6.6.1/lucene-misc-6.6.1.jar
7fc79404a000-7fc79404c000 r--s 0000a000 08:05 3802415                    /home/balde/.m2/repository/org/apache/lucene/lucene-memory/6.6.1/lucene-memory-6.6.1.jar
7fc79404c000-7fc794050000 r--s 00020000 08:05 3802413                    /home/balde/.m2/repository/org/apache/lucene/lucene-join/6.6.1/lucene-join-6.6.1.jar
7fc794050000-7fc794055000 r--s 00034000 08:05 3802411                    /home/balde/.m2/repository/org/apache/lucene/lucene-highlighter/6.6.1/lucene-highlighter-6.6.1.jar
7fc794055000-7fc794058000 r--s 00018000 08:05 3802409                    /home/balde/.m2/repository/org/apache/lucene/lucene-grouping/6.6.1/lucene-grouping-6.6.1.jar
7fc794058000-7fc79405b000 r--s 00013000 08:05 3802407                    /home/balde/.m2/repository/org/apache/lucene/lucene-backward-codecs/6.6.1/lucene-backward-codecs-6.6.1.jar
7fc79405b000-7fc79406c000 r--s 00161000 08:05 3802405                    /home/balde/.m2/repository/org/apache/lucene/lucene-analyzers-common/6.6.1/lucene-analyzers-common-6.6.1.jar
7fc79406c000-7fc79409a000 r--s 0027a000 08:05 3802403                    /home/balde/.m2/repository/org/apache/lucene/lucene-core/6.6.1/lucene-core-6.6.1.jar
7fc79409a000-7fc79409e000 r--s 0004c000 08:05 3802397                    /home/balde/.m2/repository/com/fasterxml/jackson/core/jackson-core/2.9.8/jackson-core-2.9.8.jar
7fc79409e000-7fc7940a1000 r--s 0000e000 08:05 3802395                    /home/balde/.m2/repository/com/fasterxml/jackson/core/jackson-annotations/2.9.0/jackson-annotations-2.9.0.jar
7fc7940a1000-7fc7940b3000 r--s 00137000 08:05 3802393                    /home/balde/.m2/repository/com/fasterxml/jackson/core/jackson-databind/2.9.8/jackson-databind-2.9.8.jar
7fc7940b3000-7fc7940c2000 r--s 000b0000 08:05 3802387                    /home/balde/.m2/repository/org/codehaus/jackson/jackson-mapper-asl/1.9.11/jackson-mapper-asl-1.9.11.jar
7fc7940c2000-7fc7940d0000 r--s 0009c000 08:05 3802377                    /home/balde/.m2/repository/org/glassfish/jersey/core/jersey-common/2.3/jersey-common-2.3.jar
7fc7940d0000-7fc7940f9000 r--s 001ee000 08:05 3802361                    /home/balde/.m2/repository/com/google/guava/guava/14.0.1/guava-14.0.1.jar
7fc7940f9000-7fc795000000 rw-p 00000000 00:00 0 
7fc795000000-7fc7956b0000 rwxp 00000000 00:00 0 
7fc7956b0000-7fc7a4000000 ---p 00000000 00:00 0 
7fc7a4000000-7fc7a54be000 rw-p 00000000 00:00 0 
7fc7a54be000-7fc7a8000000 ---p 00000000 00:00 0 
7fc7a8000000-7fc7a8001000 r--s 00001000 08:05 3802399                    /home/balde/.m2/repository/org/elasticsearch/client/transport/5.6.14/transport-5.6.14.jar
7fc7a8001000-7fc7a8002000 r--s 00006000 08:05 3802391                    /home/balde/.m2/repository/org/codehaus/jackson/jackson-xc/1.9.11/jackson-xc-1.9.11.jar
7fc7a8002000-7fc7a8003000 r--s 00004000 08:05 3802389                    /home/balde/.m2/repository/org/codehaus/jackson/jackson-jaxrs/1.9.11/jackson-jaxrs-1.9.11.jar
7fc7a8003000-7fc7a8007000 r--s 00035000 08:05 3675602                    /home/balde/.m2/repository/org/codehaus/jackson/jackson-core-asl/1.9.11/jackson-core-asl-1.9.11.jar
7fc7a8007000-7fc7a8009000 r--s 00000000 08:05 3802385                    /home/balde/.m2/repository/org/glassfish/jersey/media/jersey-media-json-jackson/2.3/jersey-media-json-jackson-2.3.jar
7fc7a8009000-7fc7a800b000 r--s 0000b000 08:05 3802383                    /home/balde/.m2/repository/org/glassfish/jersey/containers/jersey-container-servlet-core/2.3/jersey-container-servlet-core-2.3.jar
7fc7a800b000-7fc7a800d000 r--s 00005000 08:05 3802379                    /home/balde/.m2/repository/javax/annotation/javax.annotation-api/1.2/javax.annotation-api-1.2.jar
7fc7a800d000-7fc7a8011000 r--s 0000c000 08:05 3802375                    /home/balde/.m2/repository/javax/validation/validation-api/1.1.0.Final/validation-api-1.1.0.Final.jar
7fc7a8011000-7fc7a8018000 r--s 0003f000 08:05 3802373                    /home/balde/.m2/repository/org/glassfish/hk2/external/cglib/2.2.0-b14/cglib-2.2.0-b14.jar
7fc7a8018000-7fc7a801d000 r--s 0004a000 08:05 3802371                    /home/balde/.m2/repository/org/glassfish/hk2/external/asm-all-repackaged/2.2.0-b14/asm-all-repackaged-2.2.0-b14.jar
7fc7a801d000-7fc7a8020000 r--s 0001e000 08:05 3802369                    /home/balde/.m2/repository/org/glassfish/hk2/hk2-locator/2.2.0-b14/hk2-locator-2.2.0-b14.jar
7fc7a8020000-7fc7a8023000 r--s 0000b000 08:05 3802365                    /home/balde/.m2/repository/org/glassfish/hk2/hk2-utils/2.2.0-b14/hk2-utils-2.2.0-b14.jar
7fc7a8023000-7fc7a8027000 r--s 0001b000 08:05 3802363                    /home/balde/.m2/repository/org/glassfish/hk2/hk2-api/2.2.0-b14/hk2-api-2.2.0-b14.jar
7fc7a8027000-7fc7a802b000 r--s 00018000 08:05 3802359                    /home/balde/.m2/repository/javax/ws/rs/javax.ws.rs-api/2.0/javax.ws.rs-api-2.0.jar
7fc7a802b000-7fc7a802e000 r--s 0001d000 08:05 3802357                    /home/balde/.m2/repository/org/glassfish/jersey/core/jersey-client/2.3/jersey-client-2.3.jar
7fc7a802e000-7fc7a8042000 r--s 000b2000 08:05 3802355                    /home/balde/.m2/repository/org/glassfish/jersey/core/jersey-server/2.3/jersey-server-2.3.jar
7fc7a8042000-7fc7a8045000 r--s 00015000 08:05 3802353                    /home/balde/.m2/repository/org/eclipse/jetty/jetty-security/9.2.14.v20151106/jetty-security-9.2.14.v20151106.jar
7fc7a8045000-7fc7a8048000 r--s 0001a000 08:05 3802351                    /home/balde/.m2/repository/org/eclipse/jetty/jetty-servlet/9.2.14.v20151106/jetty-servlet-9.2.14.v20151106.jar
7fc7a8048000-7fc7a804b000 r--s 00018000 08:05 3802349                    /home/balde/.m2/repository/org/eclipse/jetty/jetty-io/9.2.14.v20151106/jetty-io-9.2.14.v20151106.jar
7fc7a804b000-7fc7a8051000 r--s 00053000 08:05 3802347                    /home/balde/.m2/repository/org/eclipse/jetty/jetty-util/9.2.14.v20151106/jetty-util-9.2.14.v20151106.jar
7fc7a8051000-7fc7a8053000 r--s 00018000 08:05 3802345                    /home/balde/.m2/repository/org/eclipse/jetty/jetty-http/9.2.14.v20151106/jetty-http-9.2.14.v20151106.jar
7fc7a8053000-7fc7a8056000 r--s 00015000 08:05 3802343                    /home/balde/.m2/repository/javax/servlet/javax.servlet-api/3.1.0/javax.servlet-api-3.1.0.jar
7fc7a8056000-7fc7a805c000 r--s 00061000 08:05 3802341                    /home/balde/.m2/repository/org/eclipse/jetty/jetty-server/9.2.14.v20151106/jetty-server-9.2.14.v20151106.jar
7fc7a805c000-7fc7a8230000 rw-p 00000000 00:00 0 
7fc7a8230000-7fc7a840a000 r--s 03d6f000 08:05 929228                     /usr/lib/jvm/java-8-oracle/jre/lib/rt.jar
7fc7a840a000-7fc7a8857000 rw-p 00000000 00:00 0 
7fc7a8857000-7fc7a8858000 ---p 00000000 00:00 0 
7fc7a8858000-7fc7a8958000 rw-p 00000000 00:00 0 
7fc7a8958000-7fc7a8959000 ---p 00000000 00:00 0 
7fc7a8959000-7fc7a8a59000 rw-p 00000000 00:00 0 
7fc7a8a59000-7fc7a8a5a000 ---p 00000000 00:00 0 
7fc7a8a5a000-7fc7a8b5a000 rw-p 00000000 00:00 0 
7fc7a8b5a000-7fc7a8b5b000 ---p 00000000 00:00 0 
7fc7a8b5b000-7fc7a8c73000 rw-p 00000000 00:00 0 
7fc7a8c73000-7fc7a8eeb000 ---p 00000000 00:00 0 
7fc7a8eeb000-7fc7a8f03000 rw-p 00000000 00:00 0 
7fc7a8f03000-7fc7a917a000 ---p 00000000 00:00 0 
7fc7a917a000-7fc7a91be000 rw-p 00000000 00:00 0 
7fc7a91be000-7fc7a92c2000 ---p 00000000 00:00 0 
7fc7a92c2000-7fc7a92de000 rw-p 00000000 00:00 0 
7fc7a92de000-7fc7a9683000 ---p 00000000 00:00 0 
7fc7a9683000-7fc7a969e000 r-xp 00000000 08:05 929441                     /usr/lib/jvm/java-8-oracle/jre/lib/amd64/libzip.so
7fc7a969e000-7fc7a989d000 ---p 0001b000 08:05 929441                     /usr/lib/jvm/java-8-oracle/jre/lib/amd64/libzip.so
7fc7a989d000-7fc7a989e000 r--p 0001a000 08:05 929441                     /usr/lib/jvm/java-8-oracle/jre/lib/amd64/libzip.so
7fc7a989e000-7fc7a989f000 rw-p 0001b000 08:05 929441                     /usr/lib/jvm/java-8-oracle/jre/lib/amd64/libzip.so
7fc7a989f000-7fc7a98aa000 r-xp 00000000 08:05 267169                     /lib/x86_64-linux-gnu/libnss_files-2.27.so
7fc7a98aa000-7fc7a9aa9000 ---p 0000b000 08:05 267169                     /lib/x86_64-linux-gnu/libnss_files-2.27.so
7fc7a9aa9000-7fc7a9aaa000 r--p 0000a000 08:05 267169                     /lib/x86_64-linux-gnu/libnss_files-2.27.so
7fc7a9aaa000-7fc7a9aab000 rw-p 0000b000 08:05 267169                     /lib/x86_64-linux-gnu/libnss_files-2.27.so
7fc7a9aab000-7fc7a9ab1000 rw-p 00000000 00:00 0 
7fc7a9ab1000-7fc7a9ac8000 r-xp 00000000 08:05 267163                     /lib/x86_64-linux-gnu/libnsl-2.27.so
7fc7a9ac8000-7fc7a9cc7000 ---p 00017000 08:05 267163                     /lib/x86_64-linux-gnu/libnsl-2.27.so
7fc7a9cc7000-7fc7a9cc8000 r--p 00016000 08:05 267163                     /lib/x86_64-linux-gnu/libnsl-2.27.so
7fc7a9cc8000-7fc7a9cc9000 rw-p 00017000 08:05 267163                     /lib/x86_64-linux-gnu/libnsl-2.27.so
7fc7a9cc9000-7fc7a9ccb000 rw-p 00000000 00:00 0 
7fc7a9ccb000-7fc7a9cd6000 r-xp 00000000 08:05 267180                     /lib/x86_64-linux-gnu/libnss_nis-2.27.so
7fc7a9cd6000-7fc7a9ed5000 ---p 0000b000 08:05 267180                     /lib/x86_64-linux-gnu/libnss_nis-2.27.so
7fc7a9ed5000-7fc7a9ed6000 r--p 0000a000 08:05 267180                     /lib/x86_64-linux-gnu/libnss_nis-2.27.so
7fc7a9ed6000-7fc7a9ed7000 rw-p 0000b000 08:05 267180                     /lib/x86_64-linux-gnu/libnss_nis-2.27.so
7fc7a9ed7000-7fc7a9edf000 r-xp 00000000 08:05 267165                     /lib/x86_64-linux-gnu/libnss_compat-2.27.so
7fc7a9edf000-7fc7aa0df000 ---p 00008000 08:05 267165                     /lib/x86_64-linux-gnu/libnss_compat-2.27.so
7fc7aa0df000-7fc7aa0e0000 r--p 00008000 08:05 267165                     /lib/x86_64-linux-gnu/libnss_compat-2.27.so
7fc7aa0e0000-7fc7aa0e1000 rw-p 00009000 08:05 267165                     /lib/x86_64-linux-gnu/libnss_compat-2.27.so
7fc7aa0e1000-7fc7aa10d000 r-xp 00000000 08:05 929435                     /usr/lib/jvm/java-8-oracle/jre/lib/amd64/libjava.so
7fc7aa10d000-7fc7aa30d000 ---p 0002c000 08:05 929435                     /usr/lib/jvm/java-8-oracle/jre/lib/amd64/libjava.so
7fc7aa30d000-7fc7aa30e000 r--p 0002c000 08:05 929435                     /usr/lib/jvm/java-8-oracle/jre/lib/amd64/libjava.so
7fc7aa30e000-7fc7aa310000 rw-p 0002d000 08:05 929435                     /usr/lib/jvm/java-8-oracle/jre/lib/amd64/libjava.so
7fc7aa310000-7fc7aa31d000 r-xp 00000000 08:05 929440                     /usr/lib/jvm/java-8-oracle/jre/lib/amd64/libverify.so
7fc7aa31d000-7fc7aa51c000 ---p 0000d000 08:05 929440                     /usr/lib/jvm/java-8-oracle/jre/lib/amd64/libverify.so
7fc7aa51c000-7fc7aa51e000 r--p 0000c000 08:05 929440                     /usr/lib/jvm/java-8-oracle/jre/lib/amd64/libverify.so
7fc7aa51e000-7fc7aa51f000 rw-p 0000e000 08:05 929440                     /usr/lib/jvm/java-8-oracle/jre/lib/amd64/libverify.so
7fc7aa51f000-7fc7aa526000 r-xp 00000000 08:05 267220                     /lib/x86_64-linux-gnu/librt-2.27.so
7fc7aa526000-7fc7aa725000 ---p 00007000 08:05 267220                     /lib/x86_64-linux-gnu/librt-2.27.so
7fc7aa725000-7fc7aa726000 r--p 00006000 08:05 267220                     /lib/x86_64-linux-gnu/librt-2.27.so
7fc7aa726000-7fc7aa727000 rw-p 00007000 08:05 267220                     /lib/x86_64-linux-gnu/librt-2.27.so
7fc7aa727000-7fc7aa8c4000 r-xp 00000000 08:05 267142                     /lib/x86_64-linux-gnu/libm-2.27.so
7fc7aa8c4000-7fc7aaac3000 ---p 0019d000 08:05 267142                     /lib/x86_64-linux-gnu/libm-2.27.so
7fc7aaac3000-7fc7aaac4000 r--p 0019c000 08:05 267142                     /lib/x86_64-linux-gnu/libm-2.27.so
7fc7aaac4000-7fc7aaac5000 rw-p 0019d000 08:05 267142                     /lib/x86_64-linux-gnu/libm-2.27.so
7fc7aaac5000-7fc7ab7ad000 r-xp 00000000 08:05 929417                     /usr/lib/jvm/java-8-oracle/jre/lib/amd64/server/libjvm.so
7fc7ab7ad000-7fc7ab9ac000 ---p 00ce8000 08:05 929417                     /usr/lib/jvm/java-8-oracle/jre/lib/amd64/server/libjvm.so
7fc7ab9ac000-7fc7aba42000 r--p 00ce7000 08:05 929417                     /usr/lib/jvm/java-8-oracle/jre/lib/amd64/server/libjvm.so
7fc7aba42000-7fc7aba73000 rw-p 00d7d000 08:05 929417                     /usr/lib/jvm/java-8-oracle/jre/lib/amd64/server/libjvm.so
7fc7aba73000-7fc7abaae000 rw-p 00000000 00:00 0 
7fc7abaae000-7fc7abc95000 r-xp 00000000 08:05 267079                     /lib/x86_64-linux-gnu/libc-2.27.so
7fc7abc95000-7fc7abe95000 ---p 001e7000 08:05 267079                     /lib/x86_64-linux-gnu/libc-2.27.so
7fc7abe95000-7fc7abe99000 r--p 001e7000 08:05 267079                     /lib/x86_64-linux-gnu/libc-2.27.so
7fc7abe99000-7fc7abe9b000 rw-p 001eb000 08:05 267079                     /lib/x86_64-linux-gnu/libc-2.27.so
7fc7abe9b000-7fc7abe9f000 rw-p 00000000 00:00 0 
7fc7abe9f000-7fc7abea2000 r-xp 00000000 08:05 267102                     /lib/x86_64-linux-gnu/libdl-2.27.so
7fc7abea2000-7fc7ac0a1000 ---p 00003000 08:05 267102                     /lib/x86_64-linux-gnu/libdl-2.27.so
7fc7ac0a1000-7fc7ac0a2000 r--p 00002000 08:05 267102                     /lib/x86_64-linux-gnu/libdl-2.27.so
7fc7ac0a2000-7fc7ac0a3000 rw-p 00003000 08:05 267102                     /lib/x86_64-linux-gnu/libdl-2.27.so
7fc7ac0a3000-7fc7ac0ba000 r-xp 00000000 08:05 929090                     /usr/lib/jvm/java-8-oracle/lib/amd64/jli/libjli.so
7fc7ac0ba000-7fc7ac2b9000 ---p 00017000 08:05 929090                     /usr/lib/jvm/java-8-oracle/lib/amd64/jli/libjli.so
7fc7ac2b9000-7fc7ac2ba000 r--p 00016000 08:05 929090                     /usr/lib/jvm/java-8-oracle/lib/amd64/jli/libjli.so
7fc7ac2ba000-7fc7ac2bb000 rw-p 00017000 08:05 929090                     /usr/lib/jvm/java-8-oracle/lib/amd64/jli/libjli.so
7fc7ac2bb000-7fc7ac2d5000 r-xp 00000000 08:05 267212                     /lib/x86_64-linux-gnu/libpthread-2.27.so
7fc7ac2d5000-7fc7ac4d4000 ---p 0001a000 08:05 267212                     /lib/x86_64-linux-gnu/libpthread-2.27.so
7fc7ac4d4000-7fc7ac4d5000 r--p 00019000 08:05 267212                     /lib/x86_64-linux-gnu/libpthread-2.27.so
7fc7ac4d5000-7fc7ac4d6000 rw-p 0001a000 08:05 267212                     /lib/x86_64-linux-gnu/libpthread-2.27.so
7fc7ac4d6000-7fc7ac4da000 rw-p 00000000 00:00 0 
7fc7ac4da000-7fc7ac501000 r-xp 00000000 08:05 267051                     /lib/x86_64-linux-gnu/ld-2.27.so
7fc7ac501000-7fc7ac502000 r--s 00004000 08:05 3802381                    /home/balde/.m2/repository/org/glassfish/hk2/osgi-resource-locator/1.0.1/osgi-resource-locator-1.0.1.jar
7fc7ac502000-7fc7ac507000 r--s 00084000 08:05 929145                     /usr/lib/jvm/java-8-oracle/jre/lib/jfr.jar
7fc7ac507000-7fc7ac51a000 r--s 00345000 08:05 929266                     /usr/lib/jvm/java-8-oracle/jre/lib/resources.jar
7fc7ac51a000-7fc7ac5e5000 rw-p 00000000 00:00 0 
7fc7ac5e5000-7fc7ac5e6000 ---p 00000000 00:00 0 
7fc7ac5e6000-7fc7ac5e9000 ---p 00000000 00:00 0 
7fc7ac5e9000-7fc7ac6ea000 rw-p 00000000 00:00 0 
7fc7ac6ea000-7fc7ac6eb000 r--s 00001000 08:05 3802367                    /home/balde/.m2/repository/org/glassfish/hk2/external/javax.inject/2.2.0-b14/javax.inject-2.2.0-b14.jar
7fc7ac6eb000-7fc7ac6f0000 r--s 002f9000 08:05 929226                     /usr/lib/jvm/java-8-oracle/jre/lib/charsets.jar
7fc7ac6f0000-7fc7ac6f3000 r--s 0001a000 08:05 929461                     /usr/lib/jvm/java-8-oracle/jre/lib/jce.jar
7fc7ac6f3000-7fc7ac6f7000 r--s 000a1000 08:05 929285                     /usr/lib/jvm/java-8-oracle/jre/lib/jsse.jar
7fc7ac6f7000-7fc7ac6ff000 rw-s 00000000 08:05 3552209                    /tmp/hsperfdata_balde/16648
7fc7ac6ff000-7fc7ac700000 rw-p 00000000 00:00 0 
7fc7ac700000-7fc7ac701000 ---p 00000000 00:00 0 
7fc7ac701000-7fc7ac702000 r--p 00027000 08:05 267051                     /lib/x86_64-linux-gnu/ld-2.27.so
7fc7ac702000-7fc7ac703000 rw-p 00028000 08:05 267051                     /lib/x86_64-linux-gnu/ld-2.27.so
7fc7ac703000-7fc7ac704000 rw-p 00000000 00:00 0 
7ffc6d07f000-7ffc6d0a3000 rw-p 00000000 00:00 0                          [stack]
7ffc6d1e8000-7ffc6d1eb000 r--p 00000000 00:00 0                          [vvar]
7ffc6d1eb000-7ffc6d1ed000 r-xp 00000000 00:00 0                          [vdso]
ffffffffff600000-ffffffffff601000 r-xp 00000000 00:00 0                  [vsyscall]

VM Arguments:
jvm_args: -Dfile.encoding=UTF-8 
java_command: com.flight_sharing.server.JettyMain
java_class_path (initial): /usr/lib/jvm/java-8-oracle/jre/lib/resources.jar:/usr/lib/jvm/java-8-oracle/jre/lib/rt.jar:/usr/lib/jvm/java-8-oracle/jre/lib/jsse.jar:/usr/lib/jvm/java-8-oracle/jre/lib/jce.jar:/usr/lib/jvm/java-8-oracle/jre/lib/charsets.jar:/usr/lib/jvm/java-8-oracle/jre/lib/jfr.jar:/usr/lib/jvm/java-8-oracle/jre/lib/ext/dnsns.jar:/usr/lib/jvm/java-8-oracle/jre/lib/ext/zipfs.jar:/usr/lib/jvm/java-8-oracle/jre/lib/ext/nashorn.jar:/usr/lib/jvm/java-8-oracle/jre/lib/ext/jaccess.jar:/usr/lib/jvm/java-8-oracle/jre/lib/ext/sunjce_provider.jar:/usr/lib/jvm/java-8-oracle/jre/lib/ext/sunpkcs11.jar:/usr/lib/jvm/java-8-oracle/jre/lib/ext/sunec.jar:/usr/lib/jvm/java-8-oracle/jre/lib/ext/jfxrt.jar:/usr/lib/jvm/java-8-oracle/jre/lib/ext/localedata.jar:/usr/lib/jvm/java-8-oracle/jre/lib/ext/cldrdata.jar:/home/balde/Projet_Genie_Logiciel/source/target/classes:/home/balde/.m2/repository/org/eclipse/jetty/jetty-server/9.2.14.v20151106/jetty-server-9.2.14.v20151106.jar:/home/balde/.m2/repository/javax/servlet/javax.servlet-api/3.1.0/javax.servlet-api-3.1.0.jar:/home/balde/.m2/repository/org/eclipse/jetty/jetty-http/9.2.14.v20151106/jetty-http-9.2.14.v20151106.jar:/home/balde/.m2/repository/org/eclipse/jetty/jetty-util/9.2.14.v20151106/jetty-util-9.2.14.v20151106.jar:/home/balde/.m2/repository/org/eclipse/jetty/jetty-io/9.2.14.v20151106/jetty-io-9.2.14.v20151106.jar:/home/balde/.m2/repository/org/eclipse/jetty/jetty-servlet/9.2.14.v20151106/jetty-servlet-9.2.14.v20151106.jar:/home/balde/.m2/repository/org/eclipse/jetty/jetty-security/9.2.14.v20151106/jetty-security-9.2.14.v20151106.jar:/home/balde/.m2/repository/org/glassfish/jersey/core/jersey-server/2.3/jersey-server-2.3.jar:/home/balde/.m2/repository/org/glassfish/jersey/core/jersey-client/2.3/jersey-client-2.3.jar:/home/balde/.m2/repository/javax/ws/rs/javax.ws.rs-api/2.0/javax.ws.rs-api-2.0.jar:/home/balde/.m2/repository/com/google/guava/guava/14.0.1/guava-14.0.1.jar:/home/balde/.m2/repository/org/glassfish/hk2/hk2-a
Launcher Type: SUN_STANDARD

Environment Variables:
JAVA_HOME=/usr/lib/jvm/java-8-oracle
PATH=/usr/local/sbin:/usr/local/bin:/usr/sbin:/usr/bin:/sbin:/bin:/usr/games:/usr/local/games:/snap/bin:/usr/lib/jvm/java-8-oracle/bin:/usr/lib/jvm/java-8-oracle/db/bin:/usr/lib/jvm/java-8-oracle/jre/bin
USERNAME=balde
SHELL=/bin/bash
DISPLAY=:0

Signal Handlers:
SIGSEGV: [libjvm.so+0xad3e60], sa_mask[0]=11111111011111111101111111111110, sa_flags=SA_RESTART|SA_SIGINFO
SIGBUS: [libjvm.so+0xad3e60], sa_mask[0]=11111111011111111101111111111110, sa_flags=SA_RESTART|SA_SIGINFO
SIGFPE: [libjvm.so+0x90b880], sa_mask[0]=11111111011111111101111111111110, sa_flags=SA_RESTART|SA_SIGINFO
SIGPIPE: [libjvm.so+0x90b880], sa_mask[0]=11111111011111111101111111111110, sa_flags=SA_RESTART|SA_SIGINFO
SIGXFSZ: [libjvm.so+0x90b880], sa_mask[0]=11111111011111111101111111111110, sa_flags=SA_RESTART|SA_SIGINFO
SIGILL: [libjvm.so+0x90b880], sa_mask[0]=11111111011111111101111111111110, sa_flags=SA_RESTART|SA_SIGINFO
SIGUSR1: SIG_DFL, sa_mask[0]=00000000000000000000000000000000, sa_flags=none
SIGUSR2: [libjvm.so+0x90b750], sa_mask[0]=00100000000000000000000000000000, sa_flags=SA_RESTART|SA_SIGINFO
SIGHUP: [libjvm.so+0x90bd70], sa_mask[0]=11111111011111111101111111111110, sa_flags=SA_RESTART|SA_SIGINFO
SIGINT: [libjvm.so+0x90bd70], sa_mask[0]=11111111011111111101111111111110, sa_flags=SA_RESTART|SA_SIGINFO
SIGTERM: [libjvm.so+0x90bd70], sa_mask[0]=11111111011111111101111111111110, sa_flags=SA_RESTART|SA_SIGINFO
SIGQUIT: [libjvm.so+0x90bd70], sa_mask[0]=11111111011111111101111111111110, sa_flags=SA_RESTART|SA_SIGINFO


---------------  S Y S T E M  ---------------

OS:DISTRIB_ID=Ubuntu
DISTRIB_RELEASE=18.04
DISTRIB_CODENAME=bionic
DISTRIB_DESCRIPTION="Ubuntu 18.04.2 LTS"

uname:Linux 4.18.0-15-generic #16~18.04.1-Ubuntu SMP Thu Feb 7 14:06:04 UTC 2019 x86_64
libc:glibc 2.27 NPTL 2.27 
rlimit: STACK 8192k, CORE 0k, NPROC 31183, NOFILE 1048576, AS infinity
load average:1,77 1,03 0,80

/proc/meminfo:
MemTotal:        8047508 kB
MemFree:          133012 kB
MemAvailable:      34288 kB
Buffers:            2460 kB
Cached:           178212 kB
SwapCached:         1636 kB
Active:          6749772 kB
Inactive:         860000 kB
Active(anon):    6732860 kB
Inactive(anon):   841732 kB
Active(file):      16912 kB
Inactive(file):    18268 kB
Unevictable:          48 kB
Mlocked:              48 kB
SwapTotal:       2097148 kB
SwapFree:              0 kB
Dirty:               220 kB
Writeback:           104 kB
AnonPages:       7427756 kB
Mapped:           138040 kB
Shmem:            145376 kB
Slab:             112144 kB
SReclaimable:      43100 kB
SUnreclaim:        69044 kB
KernelStack:       25056 kB
PageTables:        89768 kB
NFS_Unstable:          0 kB
Bounce:                0 kB
WritebackTmp:          0 kB
CommitLimit:     6120900 kB
Committed_AS:   17399692 kB
VmallocTotal:   34359738367 kB
VmallocUsed:           0 kB
VmallocChunk:          0 kB
HardwareCorrupted:     0 kB
AnonHugePages:         0 kB
ShmemHugePages:        0 kB
ShmemPmdMapped:        0 kB
CmaTotal:              0 kB
CmaFree:               0 kB
HugePages_Total:       0
HugePages_Free:        0
HugePages_Rsvd:        0
HugePages_Surp:        0
Hugepagesize:       2048 kB
Hugetlb:               0 kB
DirectMap4k:      232188 kB
DirectMap2M:     8036352 kB

container (cgroup) information:
container_type: cgroupv1
cpu_cpuset_cpus: 0-3
cpu_memory_nodes: 0
active_processor_count: 4
cpu_quota: -1
cpu_period: 100000
cpu_shares: -1
memory_limit_in_bytes: -1
memory_and_swap_limit_in_bytes: -2
memory_soft_limit_in_bytes: -1
memory_usage_in_bytes: 7797248000
memory_max_usage_in_bytes: 0


CPU:total 4 (initial active 4) (2 cores per cpu, 2 threads per core) family 6 model 58 stepping 9, cmov, cx8, fxsr, mmx, sse, sse2, sse3, ssse3, sse4.1, sse4.2, popcnt, avx, aes, clmul, erms, ht, tsc, tscinvbit, tscinv

/proc/cpuinfo:
processor	: 0
vendor_id	: GenuineIntel
cpu family	: 6
model		: 58
model name	: Intel(R) Core(TM) i5-3210M CPU @ 2.50GHz
stepping	: 9
microcode	: 0x20
cpu MHz		: 1862.753
cache size	: 3072 KB
physical id	: 0
siblings	: 4
core id		: 0
cpu cores	: 2
apicid		: 0
initial apicid	: 0
fpu		: yes
fpu_exception	: yes
cpuid level	: 13
wp		: yes
flags		: fpu vme de pse tsc msr pae mce cx8 apic sep mtrr pge mca cmov pat pse36 clflush dts acpi mmx fxsr sse sse2 ss ht tm pbe syscall nx rdtscp lm constant_tsc arch_perfmon pebs bts rep_good nopl xtopology nonstop_tsc cpuid aperfmperf pni pclmulqdq dtes64 monitor ds_cpl vmx est tm2 ssse3 cx16 xtpr pdcm pcid sse4_1 sse4_2 x2apic popcnt tsc_deadline_timer aes xsave avx f16c rdrand lahf_lm cpuid_fault epb pti ssbd ibrs ibpb stibp tpr_shadow vnmi flexpriority ept vpid fsgsbase smep erms xsaveopt dtherm ida arat pln pts flush_l1d
bugs		: cpu_meltdown spectre_v1 spectre_v2 spec_store_bypass l1tf
bogomips	: 4988.83
clflush size	: 64
cache_alignment	: 64
address sizes	: 36 bits physical, 48 bits virtual
power management:

processor	: 1
vendor_id	: GenuineIntel
cpu family	: 6
model		: 58
model name	: Intel(R) Core(TM) i5-3210M CPU @ 2.50GHz
stepping	: 9
microcode	: 0x20
cpu MHz		: 1419.154
cache size	: 3072 KB
physical id	: 0
siblings	: 4
core id		: 0
cpu cores	: 2
apicid		: 1
initial apicid	: 1
fpu		: yes
fpu_exception	: yes
cpuid level	: 13
wp		: yes
flags		: fpu vme de pse tsc msr pae mce cx8 apic sep mtrr pge mca cmov pat pse36 clflush dts acpi mmx fxsr sse sse2 ss ht tm pbe syscall nx rdtscp lm constant_tsc arch_perfmon pebs bts rep_good nopl xtopology nonstop_tsc cpuid aperfmperf pni pclmulqdq dtes64 monitor ds_cpl vmx est tm2 ssse3 cx16 xtpr pdcm pcid sse4_1 sse4_2 x2apic popcnt tsc_deadline_timer aes xsave avx f16c rdrand lahf_lm cpuid_fault epb pti ssbd ibrs ibpb stibp tpr_shadow vnmi flexpriority ept vpid fsgsbase smep erms xsaveopt dtherm ida arat pln pts flush_l1d
bugs		: cpu_meltdown spectre_v1 spectre_v2 spec_store_bypass l1tf
bogomips	: 4988.83
clflush size	: 64
cache_alignment	: 64
address sizes	: 36 bits physical, 48 bits virtual
power management:

processor	: 2
vendor_id	: GenuineIntel
cpu family	: 6
model		: 58
model name	: Intel(R) Core(TM) i5-3210M CPU @ 2.50GHz
stepping	: 9
microcode	: 0x20
cpu MHz		: 1265.345
cache size	: 3072 KB
physical id	: 0
siblings	: 4
core id		: 1
cpu cores	: 2
apicid		: 2
initial apicid	: 2
fpu		: yes
fpu_exception	: yes
cpuid level	: 13
wp		: yes
flags		: fpu vme de pse tsc msr pae mce cx8 apic sep mtrr pge mca cmov pat pse36 clflush dts acpi mmx fxsr sse sse2 ss ht tm pbe syscall nx rdtscp lm constant_tsc arch_perfmon pebs bts rep_good nopl xtopology nonstop_tsc cpuid aperfmperf pni pclmulqdq dtes64 monitor ds_cpl vmx est tm2 ssse3 cx16 xtpr pdcm pcid sse4_1 sse4_2 x2apic popcnt tsc_deadline_timer aes xsave avx f16c rdrand lahf_lm cpuid_fault epb pti ssbd ibrs ibpb stibp tpr_shadow vnmi flexpriority ept vpid fsgsbase smep erms xsaveopt dtherm ida arat pln pts flush_l1d
bugs		: cpu_meltdown spectre_v1 spectre_v2 spec_store_bypass l1tf
bogomips	: 4988.83
clflush size	: 64
cache_alignment	: 64
address sizes	: 36 bits physical, 48 bits virtual
power management:

processor	: 3
vendor_id	: GenuineIntel
cpu family	: 6
model		: 58
model name	: Intel(R) Core(TM) i5-3210M CPU @ 2.50GHz
stepping	: 9
microcode	: 0x20
cpu MHz		: 1359.624
cache size	: 3072 KB
physical id	: 0
siblings	: 4
core id		: 1
cpu cores	: 2
apicid		: 3
initial apicid	: 3
fpu		: yes
fpu_exception	: yes
cpuid level	: 13
wp		: yes
flags		: fpu vme de pse tsc msr pae mce cx8 apic sep mtrr pge mca cmov pat pse36 clflush dts acpi mmx fxsr sse sse2 ss ht tm pbe syscall nx rdtscp lm constant_tsc arch_perfmon pebs bts rep_good nopl xtopology nonstop_tsc cpuid aperfmperf pni pclmulqdq dtes64 monitor ds_cpl vmx est tm2 ssse3 cx16 xtpr pdcm pcid sse4_1 sse4_2 x2apic popcnt tsc_deadline_timer aes xsave avx f16c rdrand lahf_lm cpuid_fault epb pti ssbd ibrs ibpb stibp tpr_shadow vnmi flexpriority ept vpid fsgsbase smep erms xsaveopt dtherm ida arat pln pts flush_l1d
bugs		: cpu_meltdown spectre_v1 spectre_v2 spec_store_bypass l1tf
bogomips	: 4988.83
clflush size	: 64
cache_alignment	: 64
address sizes	: 36 bits physical, 48 bits virtual
power management:



Memory: 4k page, physical 8047508k(124796k free), swap 2097148k(8k free)

vm_info: Java HotSpot(TM) 64-Bit Server VM (25.201-b09) for linux-amd64 JRE (1.8.0_201-b09), built on Dec 15 2018 11:35:59 by "java_re" with gcc 7.3.0

time: Sat Feb 23 10:55:52 2019
timezone: CET
elapsed time: 24 seconds (0d 0h 0m 24s)

